2023-05-10T12:07:12+00:00 DEBUG Tt4b_Pixel_Class::inject_view_content_event: hit injectViewContentEvent
2023-05-10T12:07:12+00:00 DEBUG Tt4b_Pixel_Class::inject_view_content_event: Missing option "access_token"
2023-05-10T12:14:27+00:00 DEBUG Tt4b_Pixel_Class::inject_view_content_event: hit injectViewContentEvent
2023-05-10T12:14:27+00:00 DEBUG Tt4b_Pixel_Class::inject_view_content_event: Missing option "access_token"
2023-05-10T12:15:04+00:00 DEBUG tt4b_product_sync: missing access token for tt4b_product_sync
2023-05-10T12:18:46+00:00 DEBUG tt4b_product_sync: missing access token for tt4b_product_sync
2023-05-10T12:20:17+00:00 DEBUG tt4b_product_sync: missing access token for tt4b_product_sync
2023-05-10T12:22:02+00:00 DEBUG tt4b_product_sync: missing access token for tt4b_product_sync
2023-05-10T12:23:17+00:00 DEBUG Tt4b_Pixel_Class::inject_view_content_event: hit injectViewContentEvent
2023-05-10T12:23:17+00:00 DEBUG Tt4b_Pixel_Class::inject_view_content_event: Missing option "access_token"
2023-05-10T12:26:51+00:00 DEBUG tt4b_product_sync: missing access token for tt4b_product_sync
2023-05-10T12:27:13+00:00 DEBUG tt4b_product_sync: missing access token for tt4b_product_sync
2023-05-10T12:30:42+00:00 DEBUG tt4b_product_sync: missing access token for tt4b_product_sync
2023-05-10T12:30:53+00:00 DEBUG Tt4b_Pixel_Class::inject_view_content_event: hit injectViewContentEvent
2023-05-10T12:30:53+00:00 DEBUG Tt4b_Pixel_Class::inject_view_content_event: Missing option "access_token"
2023-05-10T12:31:32+00:00 DEBUG tt4b_product_sync: missing access token for tt4b_product_sync
2023-05-10T12:31:48+00:00 DEBUG Tt4b_Pixel_Class::inject_view_content_event: hit injectViewContentEvent
2023-05-10T12:31:48+00:00 DEBUG Tt4b_Pixel_Class::inject_view_content_event: Missing option "access_token"
2023-05-10T12:32:18+00:00 DEBUG Tt4b_Pixel_Class::inject_add_to_cart_event: hit injectAddToCartEvent
2023-05-10T12:32:18+00:00 DEBUG Tt4b_Pixel_Class::inject_add_to_cart_event: Missing option "access_token"
2023-05-10T12:32:19+00:00 DEBUG Tt4b_Pixel_Class::inject_view_content_event: hit injectViewContentEvent
2023-05-10T12:32:19+00:00 DEBUG Tt4b_Pixel_Class::inject_view_content_event: Missing option "access_token"
2023-05-10T13:22:33+00:00 DEBUG tt4b_product_sync: missing access token for tt4b_product_sync
2023-05-10T13:22:54+00:00 DEBUG tt4b_product_sync: missing access token for tt4b_product_sync
2023-05-10T13:24:54+00:00 DEBUG tt4b_product_sync: missing access token for tt4b_product_sync
2023-05-10T13:25:46+00:00 DEBUG tt4b_product_sync: missing access token for tt4b_product_sync
2023-05-10T13:27:04+00:00 DEBUG tt4b_product_sync: missing access token for tt4b_product_sync
2023-05-10T13:28:13+00:00 DEBUG tt4b_product_sync: missing access token for tt4b_product_sync
2023-05-10T13:29:19+00:00 DEBUG tt4b_product_sync: missing access token for tt4b_product_sync
2023-05-10T13:30:54+00:00 DEBUG tt4b_product_sync: missing access token for tt4b_product_sync
2023-05-10T13:31:01+00:00 DEBUG Tt4b_Pixel_Class::inject_view_content_event: hit injectViewContentEvent
2023-05-10T13:31:01+00:00 DEBUG Tt4b_Pixel_Class::inject_view_content_event: Missing option "access_token"
2023-05-10T13:31:11+00:00 DEBUG Tt4b_Pixel_Class::inject_view_content_event: hit injectViewContentEvent
2023-05-10T13:31:11+00:00 DEBUG Tt4b_Pixel_Class::inject_view_content_event: Missing option "access_token"
2023-05-10T13:31:22+00:00 DEBUG tt4b_product_sync: missing access token for tt4b_product_sync
2023-05-10T13:31:33+00:00 DEBUG tt4b_product_sync: missing access token for tt4b_product_sync
2023-05-10T13:33:31+00:00 DEBUG tt4b_product_sync: missing access token for tt4b_product_sync
2023-05-10T13:33:55+00:00 DEBUG tt4b_product_sync: missing access token for tt4b_product_sync
2023-05-10T13:34:19+00:00 DEBUG tt4b_product_sync: missing access token for tt4b_product_sync
2023-05-10T13:35:02+00:00 DEBUG tt4b_product_sync: missing access token for tt4b_product_sync
2023-05-10T13:36:10+00:00 DEBUG tt4b_product_sync: missing access token for tt4b_product_sync
2023-05-10T13:37:30+00:00 DEBUG tt4b_product_sync: missing access token for tt4b_product_sync
2023-05-10T13:37:45+00:00 DEBUG tt4b_product_sync: missing access token for tt4b_product_sync
2023-05-10T13:40:26+00:00 DEBUG tt4b_product_sync: missing access token for tt4b_product_sync
2023-05-10T13:41:34+00:00 DEBUG tt4b_product_sync: missing access token for tt4b_product_sync
2023-05-10T13:42:28+00:00 DEBUG tt4b_product_sync: missing access token for tt4b_product_sync
2023-05-10T13:44:00+00:00 DEBUG tt4b_product_sync: missing access token for tt4b_product_sync
2023-05-10T13:45:08+00:00 DEBUG tt4b_product_sync: missing access token for tt4b_product_sync
2023-05-10T13:46:37+00:00 DEBUG tt4b_product_sync: missing access token for tt4b_product_sync
2023-05-10T13:48:49+00:00 DEBUG tt4b_product_sync: missing access token for tt4b_product_sync
2023-05-10T13:50:04+00:00 DEBUG tt4b_product_sync: missing access token for tt4b_product_sync
2023-05-10T13:51:11+00:00 DEBUG tt4b_product_sync: missing access token for tt4b_product_sync
2023-05-10T13:52:34+00:00 DEBUG tt4b_product_sync: missing access token for tt4b_product_sync
2023-05-10T13:53:10+00:00 DEBUG tt4b_product_sync: missing access token for tt4b_product_sync
2023-05-10T13:54:19+00:00 DEBUG tt4b_product_sync: missing access token for tt4b_product_sync
2023-05-10T13:56:06+00:00 DEBUG tt4b_product_sync: missing access token for tt4b_product_sync
2023-05-10T13:56:54+00:00 DEBUG tt4b_product_sync: missing access token for tt4b_product_sync
2023-05-10T13:58:56+00:00 DEBUG tt4b_product_sync: missing access token for tt4b_product_sync
